2018-04-04 13:29:36.601  INFO 2716 --- [main] e.f.eadmin.eadmin.EadminApplication      : Starting EadminApplication on mvformacion with PID 2716 (C:\Users\formacion\Desktop\eadmin\target\classes started by formacion in C:\Users\formacion\Desktop\eadmin)
2018-04-04 13:29:36.601  INFO 2716 --- [main] e.f.eadmin.eadmin.EadminApplication      : No active profile set, falling back to default profiles: default
2018-04-04 13:29:36.663  INFO 2716 --- [main] ConfigServletWebServerApplicationContext : Refreshing org.springframework.boot.web.servlet.context.AnnotationConfigServletWebServerApplicationContext@f2f2cc1: startup date [Wed Apr 04 13:29:36 CEST 2018]; root of context hierarchy
2018-04-04 13:29:48.837  INFO 10768 --- [main] e.f.eadmin.eadmin.EadminApplication      : Starting EadminApplication on mvformacion with PID 10768 (C:\Users\formacion\Desktop\eadmin\target\classes started by formacion in C:\Users\formacion\Desktop\eadmin)
2018-04-04 13:29:48.837  INFO 10768 --- [main] e.f.eadmin.eadmin.EadminApplication      : No active profile set, falling back to default profiles: default
2018-04-04 13:29:48.900  INFO 10768 --- [main] ConfigServletWebServerApplicationContext : Refreshing org.springframework.boot.web.servlet.context.AnnotationConfigServletWebServerApplicationContext@1a84f40f: startup date [Wed Apr 04 13:29:48 CEST 2018]; root of context hierarchy
2018-04-04 13:29:50.088  INFO 10768 --- [main] o.s.b.w.embedded.tomcat.TomcatWebServer  : Tomcat initialized with port(s): 8080 (http)
2018-04-04 13:29:50.107  INFO 10768 --- [main] o.apache.catalina.core.StandardService   : Starting service [Tomcat]
2018-04-04 13:29:50.107  INFO 10768 --- [main] org.apache.catalina.core.StandardEngine  : Starting Servlet Engine: Apache Tomcat/8.5.28
2018-04-04 13:29:50.122  INFO 10768 --- [localhost-startStop-1] o.a.catalina.core.AprLifecycleListener   : The APR based Apache Tomcat Native library which allows optimal performance in production environments was not found on the java.library.path: [C:\Program Files\Java\jre1.8.0_152\bin;C:\WINDOWS\Sun\Java\bin;C:\WINDOWS\system32;C:\WINDOWS;C:/Program Files/Java/jre1.8.0_152/bin/server;C:/Program Files/Java/jre1.8.0_152/bin;C:/Program Files/Java/jre1.8.0_152/lib/amd64;C:\ProgramData\Oracle\Java\javapath;C:\Oracle\product\11.2.0\client_1\bin;C:\WINDOWS\system32;C:\WINDOWS;C:\WINDOWS\System32\Wbem;C:\WINDOWS\System32\WindowsPowerShell\v1.0\;C:\Program Files\TortoiseSVN\bin;C:\Program Files\Git\cmd;c:\Program Files\Microsoft SQL Server\110\Tools\Binn\;c:\Program Files (x86)\Microsoft SQL Server\110\Tools\Binn\;c:\Program Files\Microsoft SQL Server\110\DTS\Binn\;c:\Program Files (x86)\Microsoft SQL Server\110\Tools\Binn\ManagementStudio\;c:\Program Files (x86)\Microsoft Visual Studio 10.0\Common7\IDE\PrivateAssemblies\;c:\Program Files (x86)\Microsoft SQL Server\110\DTS\Binn\;C:\Users\formacion\AppData\Local\Microsoft\WindowsApps;;C:\Program Files\eclipse\jee-oxygen\eclipse;;.]
2018-04-04 13:29:50.232  INFO 10768 --- [localhost-startStop-1] o.a.c.c.C.[Tomcat].[localhost].[/]       : Initializing Spring embedded WebApplicationContext
2018-04-04 13:29:50.232  INFO 10768 --- [localhost-startStop-1] o.s.web.context.ContextLoader            : Root WebApplicationContext: initialization completed in 1332 ms
2018-04-04 13:29:50.404  INFO 10768 --- [localhost-startStop-1] o.s.b.w.servlet.ServletRegistrationBean  : Servlet dispatcherServlet mapped to [/]
2018-04-04 13:29:50.404  INFO 10768 --- [localhost-startStop-1] o.s.b.w.servlet.FilterRegistrationBean   : Mapping filter: 'characterEncodingFilter' to: [/*]
2018-04-04 13:29:50.404  INFO 10768 --- [localhost-startStop-1] o.s.b.w.servlet.FilterRegistrationBean   : Mapping filter: 'hiddenHttpMethodFilter' to: [/*]
2018-04-04 13:29:50.404  INFO 10768 --- [localhost-startStop-1] o.s.b.w.servlet.FilterRegistrationBean   : Mapping filter: 'httpPutFormContentFilter' to: [/*]
2018-04-04 13:29:50.419  INFO 10768 --- [localhost-startStop-1] o.s.b.w.servlet.FilterRegistrationBean   : Mapping filter: 'requestContextFilter' to: [/*]
2018-04-04 13:29:50.810  INFO 10768 --- [main] s.w.s.m.m.a.RequestMappingHandlerAdapter : Looking for @ControllerAdvice: org.springframework.boot.web.servlet.context.AnnotationConfigServletWebServerApplicationContext@1a84f40f: startup date [Wed Apr 04 13:29:48 CEST 2018]; root of context hierarchy
2018-04-04 13:29:50.904  INFO 10768 --- [main] s.w.s.m.m.a.RequestMappingHandlerMapping : Mapped "{[/eadmin/documentos/{codigo}],methods=[GET]}" onto public org.springframework.http.ResponseEntity<es.fpdual.eadmin.eadmin.modelo.Documento> es.fpdual.eadmin.eadmin.controlador.EadminControlador.getDocumentoPorCodigo(java.lang.Integer)
2018-04-04 13:29:50.904  INFO 10768 --- [main] s.w.s.m.m.a.RequestMappingHandlerMapping : Mapped "{[/eadmin/documentos/eliminar/{codigo}],methods=[DELETE]}" onto public org.springframework.http.ResponseEntity<?> es.fpdual.eadmin.eadmin.controlador.EadminControlador.eliminarDocumento(java.lang.Integer)
2018-04-04 13:29:50.919  INFO 10768 --- [main] s.w.s.m.m.a.RequestMappingHandlerMapping : Mapped "{[/eadmin/documentos],methods=[GET]}" onto public org.springframework.http.ResponseEntity<java.util.List<es.fpdual.eadmin.eadmin.modelo.Documento>> es.fpdual.eadmin.eadmin.controlador.EadminControlador.getTodosDocumentos()
2018-04-04 13:29:50.919  INFO 10768 --- [main] s.w.s.m.m.a.RequestMappingHandlerMapping : Mapped "{[/error]}" onto public org.springframework.http.ResponseEntity<java.util.Map<java.lang.String, java.lang.Object>> org.springframework.boot.autoconfigure.web.servlet.error.BasicErrorController.error(javax.servlet.http.HttpServletRequest)
2018-04-04 13:29:50.919  INFO 10768 --- [main] s.w.s.m.m.a.RequestMappingHandlerMapping : Mapped "{[/error],produces=[text/html]}" onto public org.springframework.web.servlet.ModelAndView org.springframework.boot.autoconfigure.web.servlet.error.BasicErrorController.errorHtml(javax.servlet.http.HttpServletRequest,javax.servlet.http.HttpServletResponse)
2018-04-04 13:29:50.982  INFO 10768 --- [main] o.s.w.s.handler.SimpleUrlHandlerMapping  : Mapped URL path [/webjars/**] onto handler of type [class org.springframework.web.servlet.resource.ResourceHttpRequestHandler]
2018-04-04 13:29:50.982  INFO 10768 --- [main] o.s.w.s.handler.SimpleUrlHandlerMapping  : Mapped URL path [/**] onto handler of type [class org.springframework.web.servlet.resource.ResourceHttpRequestHandler]
2018-04-04 13:29:51.029  INFO 10768 --- [main] o.s.w.s.handler.SimpleUrlHandlerMapping  : Mapped URL path [/**/favicon.ico] onto handler of type [class org.springframework.web.servlet.resource.ResourceHttpRequestHandler]
2018-04-04 13:29:51.201  INFO 10768 --- [main] o.s.j.e.a.AnnotationMBeanExporter        : Registering beans for JMX exposure on startup
2018-04-04 13:29:51.243  INFO 10768 --- [main] o.s.b.w.embedded.tomcat.TomcatWebServer  : Tomcat started on port(s): 8080 (http) with context path ''
2018-04-04 13:29:51.243  INFO 10768 --- [main] e.f.eadmin.eadmin.EadminApplication      : Started EadminApplication in 2.717 seconds (JVM running for 3.111)
2018-04-04 13:29:51.243  INFO 10768 --- [main] e.f.e.e.r.i.ImplementacionDeRepositorio  : Documento con código 1 creado correctamente
2018-04-04 13:29:51.243  INFO 10768 --- [main] e.f.e.e.r.i.ImplementacionDeRepositorio  : Documento con código 2 creado correctamente
2018-04-04 13:29:51.243  INFO 10768 --- [main] e.f.e.e.r.i.ImplementacionDeRepositorio  : Documento con código 3 creado correctamente
2018-04-04 13:29:51.243  INFO 10768 --- [main] e.f.eadmin.eadmin.EadminApplication      : Fin run
2018-04-04 13:31:07.558  INFO 8068 --- [main] e.f.eadmin.eadmin.EadminApplication      : Starting EadminApplication on mvformacion with PID 8068 (C:\Users\formacion\Desktop\eadmin\target\classes started by formacion in C:\Users\formacion\Desktop\eadmin)
2018-04-04 13:31:07.558  INFO 8068 --- [main] e.f.eadmin.eadmin.EadminApplication      : No active profile set, falling back to default profiles: default
2018-04-04 13:31:07.604  INFO 8068 --- [main] ConfigServletWebServerApplicationContext : Refreshing org.springframework.boot.web.servlet.context.AnnotationConfigServletWebServerApplicationContext@78b1cc93: startup date [Wed Apr 04 13:31:07 CEST 2018]; root of context hierarchy
2018-04-04 13:31:08.792  INFO 8068 --- [main] o.s.b.w.embedded.tomcat.TomcatWebServer  : Tomcat initialized with port(s): 8080 (http)
2018-04-04 13:31:08.822  INFO 8068 --- [main] o.apache.catalina.core.StandardService   : Starting service [Tomcat]
2018-04-04 13:31:08.822  INFO 8068 --- [main] org.apache.catalina.core.StandardEngine  : Starting Servlet Engine: Apache Tomcat/8.5.28
2018-04-04 13:31:08.838  INFO 8068 --- [localhost-startStop-1] o.a.catalina.core.AprLifecycleListener   : The APR based Apache Tomcat Native library which allows optimal performance in production environments was not found on the java.library.path: [C:\Program Files\Java\jre1.8.0_152\bin;C:\WINDOWS\Sun\Java\bin;C:\WINDOWS\system32;C:\WINDOWS;C:/Program Files/Java/jre1.8.0_152/bin/server;C:/Program Files/Java/jre1.8.0_152/bin;C:/Program Files/Java/jre1.8.0_152/lib/amd64;C:\ProgramData\Oracle\Java\javapath;C:\Oracle\product\11.2.0\client_1\bin;C:\WINDOWS\system32;C:\WINDOWS;C:\WINDOWS\System32\Wbem;C:\WINDOWS\System32\WindowsPowerShell\v1.0\;C:\Program Files\TortoiseSVN\bin;C:\Program Files\Git\cmd;c:\Program Files\Microsoft SQL Server\110\Tools\Binn\;c:\Program Files (x86)\Microsoft SQL Server\110\Tools\Binn\;c:\Program Files\Microsoft SQL Server\110\DTS\Binn\;c:\Program Files (x86)\Microsoft SQL Server\110\Tools\Binn\ManagementStudio\;c:\Program Files (x86)\Microsoft Visual Studio 10.0\Common7\IDE\PrivateAssemblies\;c:\Program Files (x86)\Microsoft SQL Server\110\DTS\Binn\;C:\Users\formacion\AppData\Local\Microsoft\WindowsApps;;C:\Program Files\eclipse\jee-oxygen\eclipse;;.]
2018-04-04 13:31:08.962  INFO 8068 --- [localhost-startStop-1] o.a.c.c.C.[Tomcat].[localhost].[/]       : Initializing Spring embedded WebApplicationContext
2018-04-04 13:31:08.962  INFO 8068 --- [localhost-startStop-1] o.s.web.context.ContextLoader            : Root WebApplicationContext: initialization completed in 1358 ms
2018-04-04 13:31:09.119  INFO 8068 --- [localhost-startStop-1] o.s.b.w.servlet.ServletRegistrationBean  : Servlet dispatcherServlet mapped to [/]
2018-04-04 13:31:09.119  INFO 8068 --- [localhost-startStop-1] o.s.b.w.servlet.FilterRegistrationBean   : Mapping filter: 'characterEncodingFilter' to: [/*]
2018-04-04 13:31:09.119  INFO 8068 --- [localhost-startStop-1] o.s.b.w.servlet.FilterRegistrationBean   : Mapping filter: 'hiddenHttpMethodFilter' to: [/*]
2018-04-04 13:31:09.119  INFO 8068 --- [localhost-startStop-1] o.s.b.w.servlet.FilterRegistrationBean   : Mapping filter: 'httpPutFormContentFilter' to: [/*]
2018-04-04 13:31:09.119  INFO 8068 --- [localhost-startStop-1] o.s.b.w.servlet.FilterRegistrationBean   : Mapping filter: 'requestContextFilter' to: [/*]
2018-04-04 13:31:09.447  INFO 8068 --- [main] s.w.s.m.m.a.RequestMappingHandlerAdapter : Looking for @ControllerAdvice: org.springframework.boot.web.servlet.context.AnnotationConfigServletWebServerApplicationContext@78b1cc93: startup date [Wed Apr 04 13:31:07 CEST 2018]; root of context hierarchy
2018-04-04 13:31:09.510  INFO 8068 --- [main] s.w.s.m.m.a.RequestMappingHandlerMapping : Mapped "{[/eadmin/documentos/{codigo}],methods=[GET]}" onto public org.springframework.http.ResponseEntity<es.fpdual.eadmin.eadmin.modelo.Documento> es.fpdual.eadmin.eadmin.controlador.EadminControlador.getDocumentoPorCodigo(java.lang.Integer)
2018-04-04 13:31:09.510  INFO 8068 --- [main] s.w.s.m.m.a.RequestMappingHandlerMapping : Mapped "{[/eadmin/documentos/eliminar/{codigo}],methods=[DELETE]}" onto public org.springframework.http.ResponseEntity<?> es.fpdual.eadmin.eadmin.controlador.EadminControlador.eliminarDocumento(java.lang.Integer)
2018-04-04 13:31:09.510  INFO 8068 --- [main] s.w.s.m.m.a.RequestMappingHandlerMapping : Mapped "{[/eadmin/documentos],methods=[GET]}" onto public org.springframework.http.ResponseEntity<java.util.List<es.fpdual.eadmin.eadmin.modelo.Documento>> es.fpdual.eadmin.eadmin.controlador.EadminControlador.getTodosDocumentos()
2018-04-04 13:31:09.510  INFO 8068 --- [main] s.w.s.m.m.a.RequestMappingHandlerMapping : Mapped "{[/error]}" onto public org.springframework.http.ResponseEntity<java.util.Map<java.lang.String, java.lang.Object>> org.springframework.boot.autoconfigure.web.servlet.error.BasicErrorController.error(javax.servlet.http.HttpServletRequest)
2018-04-04 13:31:09.525  INFO 8068 --- [main] s.w.s.m.m.a.RequestMappingHandlerMapping : Mapped "{[/error],produces=[text/html]}" onto public org.springframework.web.servlet.ModelAndView org.springframework.boot.autoconfigure.web.servlet.error.BasicErrorController.errorHtml(javax.servlet.http.HttpServletRequest,javax.servlet.http.HttpServletResponse)
2018-04-04 13:31:09.557  INFO 8068 --- [main] o.s.w.s.handler.SimpleUrlHandlerMapping  : Mapped URL path [/webjars/**] onto handler of type [class org.springframework.web.servlet.resource.ResourceHttpRequestHandler]
2018-04-04 13:31:09.588  INFO 8068 --- [main] o.s.w.s.handler.SimpleUrlHandlerMapping  : Mapped URL path [/**] onto handler of type [class org.springframework.web.servlet.resource.ResourceHttpRequestHandler]
2018-04-04 13:31:09.635  INFO 8068 --- [main] o.s.w.s.handler.SimpleUrlHandlerMapping  : Mapped URL path [/**/favicon.ico] onto handler of type [class org.springframework.web.servlet.resource.ResourceHttpRequestHandler]
2018-04-04 13:31:09.823  INFO 8068 --- [main] o.s.j.e.a.AnnotationMBeanExporter        : Registering beans for JMX exposure on startup
2018-04-04 13:31:09.851 ERROR 8068 --- [main] o.apache.catalina.core.StandardService   : Failed to start connector [Connector[HTTP/1.1-8080]]

org.apache.catalina.LifecycleException: Failed to start component [Connector[HTTP/1.1-8080]]
	at org.apache.catalina.util.LifecycleBase.start(LifecycleBase.java:167) ~[tomcat-embed-core-8.5.28.jar:8.5.28]
	at org.apache.catalina.core.StandardService.addConnector(StandardService.java:225) ~[tomcat-embed-core-8.5.28.jar:8.5.28]
	at org.springframework.boot.web.embedded.tomcat.TomcatWebServer.addPreviouslyRemovedConnectors(TomcatWebServer.java:255) [spring-boot-2.0.0.RELEASE.jar:2.0.0.RELEASE]
	at org.springframework.boot.web.embedded.tomcat.TomcatWebServer.start(TomcatWebServer.java:197) [spring-boot-2.0.0.RELEASE.jar:2.0.0.RELEASE]
	at org.springframework.boot.web.servlet.context.ServletWebServerApplicationContext.startWebServer(ServletWebServerApplicationContext.java:300) [spring-boot-2.0.0.RELEASE.jar:2.0.0.RELEASE]
	at org.springframework.boot.web.servlet.context.ServletWebServerApplicationContext.finishRefresh(ServletWebServerApplicationContext.java:162) [spring-boot-2.0.0.RELEASE.jar:2.0.0.RELEASE]
	at org.springframework.context.support.AbstractApplicationContext.refresh(AbstractApplicationContext.java:552) [spring-context-5.0.4.RELEASE.jar:5.0.4.RELEASE]
	at org.springframework.boot.web.servlet.context.ServletWebServerApplicationContext.refresh(ServletWebServerApplicationContext.java:140) [spring-boot-2.0.0.RELEASE.jar:2.0.0.RELEASE]
	at org.springframework.boot.SpringApplication.refresh(SpringApplication.java:752) [spring-boot-2.0.0.RELEASE.jar:2.0.0.RELEASE]
	at org.springframework.boot.SpringApplication.refreshContext(SpringApplication.java:388) [spring-boot-2.0.0.RELEASE.jar:2.0.0.RELEASE]
	at org.springframework.boot.SpringApplication.run(SpringApplication.java:327) [spring-boot-2.0.0.RELEASE.jar:2.0.0.RELEASE]
	at org.springframework.boot.SpringApplication.run(SpringApplication.java:1246) [spring-boot-2.0.0.RELEASE.jar:2.0.0.RELEASE]
	at org.springframework.boot.SpringApplication.run(SpringApplication.java:1234) [spring-boot-2.0.0.RELEASE.jar:2.0.0.RELEASE]
	at es.fpdual.eadmin.eadmin.EadminApplication.main(EadminApplication.java:32) [classes/:na]
Caused by: org.apache.catalina.LifecycleException: Protocol handler start failed
	at org.apache.catalina.connector.Connector.startInternal(Connector.java:1021) ~[tomcat-embed-core-8.5.28.jar:8.5.28]
	at org.apache.catalina.util.LifecycleBase.start(LifecycleBase.java:150) ~[tomcat-embed-core-8.5.28.jar:8.5.28]
	... 13 common frames omitted
Caused by: java.net.BindException: Address already in use: bind
	at sun.nio.ch.Net.bind0(Native Method) ~[na:1.8.0_152]
	at sun.nio.ch.Net.bind(Unknown Source) ~[na:1.8.0_152]
	at sun.nio.ch.Net.bind(Unknown Source) ~[na:1.8.0_152]
	at sun.nio.ch.ServerSocketChannelImpl.bind(Unknown Source) ~[na:1.8.0_152]
	at sun.nio.ch.ServerSocketAdaptor.bind(Unknown Source) ~[na:1.8.0_152]
	at org.apache.tomcat.util.net.NioEndpoint.bind(NioEndpoint.java:210) ~[tomcat-embed-core-8.5.28.jar:8.5.28]
	at org.apache.tomcat.util.net.AbstractEndpoint.start(AbstractEndpoint.java:1150) ~[tomcat-embed-core-8.5.28.jar:8.5.28]
	at org.apache.coyote.AbstractProtocol.start(AbstractProtocol.java:591) ~[tomcat-embed-core-8.5.28.jar:8.5.28]
	at org.apache.catalina.connector.Connector.startInternal(Connector.java:1018) ~[tomcat-embed-core-8.5.28.jar:8.5.28]
	... 14 common frames omitted

2018-04-04 13:31:09.865  INFO 8068 --- [main] o.apache.catalina.core.StandardService   : Stopping service [Tomcat]
2018-04-04 13:31:09.865  INFO 8068 --- [main] ConditionEvaluationReportLoggingListener : 

Error starting ApplicationContext. To display the conditions report re-run your application with 'debug' enabled.
2018-04-04 13:31:09.865 ERROR 8068 --- [main] o.s.b.d.LoggingFailureAnalysisReporter   : 

***************************
APPLICATION FAILED TO START
***************************

Description:

The Tomcat connector configured to listen on port 8080 failed to start. The port may already be in use or the connector may be misconfigured.

Action:

Verify the connector's configuration, identify and stop any process that's listening on port 8080, or configure this application to listen on another port.

2018-04-04 13:31:09.865  INFO 8068 --- [main] ConfigServletWebServerApplicationContext : Closing org.springframework.boot.web.servlet.context.AnnotationConfigServletWebServerApplicationContext@78b1cc93: startup date [Wed Apr 04 13:31:07 CEST 2018]; root of context hierarchy
2018-04-04 13:31:09.882  INFO 8068 --- [main] o.s.j.e.a.AnnotationMBeanExporter        : Unregistering JMX-exposed beans on shutdown
2018-04-04 13:31:19.342  INFO 6232 --- [main] e.f.eadmin.eadmin.EadminApplication      : Starting EadminApplication on mvformacion with PID 6232 (C:\Users\formacion\Desktop\eadmin\target\classes started by formacion in C:\Users\formacion\Desktop\eadmin)
2018-04-04 13:31:19.342  INFO 6232 --- [main] e.f.eadmin.eadmin.EadminApplication      : No active profile set, falling back to default profiles: default
2018-04-04 13:31:19.404  INFO 6232 --- [main] ConfigServletWebServerApplicationContext : Refreshing org.springframework.boot.web.servlet.context.AnnotationConfigServletWebServerApplicationContext@3c153a1: startup date [Wed Apr 04 13:31:19 CEST 2018]; root of context hierarchy
2018-04-04 13:31:20.514  INFO 6232 --- [main] o.s.b.w.embedded.tomcat.TomcatWebServer  : Tomcat initialized with port(s): 8080 (http)
2018-04-04 13:31:20.538  INFO 6232 --- [main] o.apache.catalina.core.StandardService   : Starting service [Tomcat]
2018-04-04 13:31:20.538  INFO 6232 --- [main] org.apache.catalina.core.StandardEngine  : Starting Servlet Engine: Apache Tomcat/8.5.28
2018-04-04 13:31:20.554  INFO 6232 --- [localhost-startStop-1] o.a.catalina.core.AprLifecycleListener   : The APR based Apache Tomcat Native library which allows optimal performance in production environments was not found on the java.library.path: [C:\Program Files\Java\jre1.8.0_152\bin;C:\WINDOWS\Sun\Java\bin;C:\WINDOWS\system32;C:\WINDOWS;C:/Program Files/Java/jre1.8.0_152/bin/server;C:/Program Files/Java/jre1.8.0_152/bin;C:/Program Files/Java/jre1.8.0_152/lib/amd64;C:\ProgramData\Oracle\Java\javapath;C:\Oracle\product\11.2.0\client_1\bin;C:\WINDOWS\system32;C:\WINDOWS;C:\WINDOWS\System32\Wbem;C:\WINDOWS\System32\WindowsPowerShell\v1.0\;C:\Program Files\TortoiseSVN\bin;C:\Program Files\Git\cmd;c:\Program Files\Microsoft SQL Server\110\Tools\Binn\;c:\Program Files (x86)\Microsoft SQL Server\110\Tools\Binn\;c:\Program Files\Microsoft SQL Server\110\DTS\Binn\;c:\Program Files (x86)\Microsoft SQL Server\110\Tools\Binn\ManagementStudio\;c:\Program Files (x86)\Microsoft Visual Studio 10.0\Common7\IDE\PrivateAssemblies\;c:\Program Files (x86)\Microsoft SQL Server\110\DTS\Binn\;C:\Users\formacion\AppData\Local\Microsoft\WindowsApps;;C:\Program Files\eclipse\jee-oxygen\eclipse;;.]
2018-04-04 13:31:20.679  INFO 6232 --- [localhost-startStop-1] o.a.c.c.C.[Tomcat].[localhost].[/]       : Initializing Spring embedded WebApplicationContext
2018-04-04 13:31:20.679  INFO 6232 --- [localhost-startStop-1] o.s.web.context.ContextLoader            : Root WebApplicationContext: initialization completed in 1275 ms
2018-04-04 13:31:20.819  INFO 6232 --- [localhost-startStop-1] o.s.b.w.servlet.ServletRegistrationBean  : Servlet dispatcherServlet mapped to [/]
2018-04-04 13:31:20.819  INFO 6232 --- [localhost-startStop-1] o.s.b.w.servlet.FilterRegistrationBean   : Mapping filter: 'characterEncodingFilter' to: [/*]
2018-04-04 13:31:20.819  INFO 6232 --- [localhost-startStop-1] o.s.b.w.servlet.FilterRegistrationBean   : Mapping filter: 'hiddenHttpMethodFilter' to: [/*]
2018-04-04 13:31:20.819  INFO 6232 --- [localhost-startStop-1] o.s.b.w.servlet.FilterRegistrationBean   : Mapping filter: 'httpPutFormContentFilter' to: [/*]
2018-04-04 13:31:20.819  INFO 6232 --- [localhost-startStop-1] o.s.b.w.servlet.FilterRegistrationBean   : Mapping filter: 'requestContextFilter' to: [/*]
2018-04-04 13:31:21.132  INFO 6232 --- [main] s.w.s.m.m.a.RequestMappingHandlerAdapter : Looking for @ControllerAdvice: org.springframework.boot.web.servlet.context.AnnotationConfigServletWebServerApplicationContext@3c153a1: startup date [Wed Apr 04 13:31:19 CEST 2018]; root of context hierarchy
2018-04-04 13:31:21.194  INFO 6232 --- [main] s.w.s.m.m.a.RequestMappingHandlerMapping : Mapped "{[/eadmin/documentos],methods=[GET]}" onto public org.springframework.http.ResponseEntity<java.util.List<es.fpdual.eadmin.eadmin.modelo.Documento>> es.fpdual.eadmin.eadmin.controlador.EadminControlador.getTodosDocumentos()
2018-04-04 13:31:21.210  INFO 6232 --- [main] s.w.s.m.m.a.RequestMappingHandlerMapping : Mapped "{[/eadmin/documentos/{codigo}],methods=[GET]}" onto public org.springframework.http.ResponseEntity<es.fpdual.eadmin.eadmin.modelo.Documento> es.fpdual.eadmin.eadmin.controlador.EadminControlador.getDocumentoPorCodigo(java.lang.Integer)
2018-04-04 13:31:21.210  INFO 6232 --- [main] s.w.s.m.m.a.RequestMappingHandlerMapping : Mapped "{[/eadmin/documentos/eliminar/{codigo}],methods=[DELETE]}" onto public org.springframework.http.ResponseEntity<?> es.fpdual.eadmin.eadmin.controlador.EadminControlador.eliminarDocumento(java.lang.Integer)
2018-04-04 13:31:21.210  INFO 6232 --- [main] s.w.s.m.m.a.RequestMappingHandlerMapping : Mapped "{[/error]}" onto public org.springframework.http.ResponseEntity<java.util.Map<java.lang.String, java.lang.Object>> org.springframework.boot.autoconfigure.web.servlet.error.BasicErrorController.error(javax.servlet.http.HttpServletRequest)
2018-04-04 13:31:21.210  INFO 6232 --- [main] s.w.s.m.m.a.RequestMappingHandlerMapping : Mapped "{[/error],produces=[text/html]}" onto public org.springframework.web.servlet.ModelAndView org.springframework.boot.autoconfigure.web.servlet.error.BasicErrorController.errorHtml(javax.servlet.http.HttpServletRequest,javax.servlet.http.HttpServletResponse)
2018-04-04 13:31:21.241  INFO 6232 --- [main] o.s.w.s.handler.SimpleUrlHandlerMapping  : Mapped URL path [/webjars/**] onto handler of type [class org.springframework.web.servlet.resource.ResourceHttpRequestHandler]
2018-04-04 13:31:21.241  INFO 6232 --- [main] o.s.w.s.handler.SimpleUrlHandlerMapping  : Mapped URL path [/**] onto handler of type [class org.springframework.web.servlet.resource.ResourceHttpRequestHandler]
2018-04-04 13:31:21.288  INFO 6232 --- [main] o.s.w.s.handler.SimpleUrlHandlerMapping  : Mapped URL path [/**/favicon.ico] onto handler of type [class org.springframework.web.servlet.resource.ResourceHttpRequestHandler]
2018-04-04 13:31:21.445  INFO 6232 --- [main] o.s.j.e.a.AnnotationMBeanExporter        : Registering beans for JMX exposure on startup
2018-04-04 13:31:21.492  INFO 6232 --- [main] o.s.b.w.embedded.tomcat.TomcatWebServer  : Tomcat started on port(s): 8080 (http) with context path ''
2018-04-04 13:31:21.492  INFO 6232 --- [main] e.f.eadmin.eadmin.EadminApplication      : Started EadminApplication in 2.478 seconds (JVM running for 2.87)
2018-04-04 13:31:21.492  INFO 6232 --- [main] e.f.e.e.r.i.ImplementacionDeRepositorio  : Documento con código 1 creado correctamente
2018-04-04 13:31:21.492  INFO 6232 --- [main] e.f.e.e.r.i.ImplementacionDeRepositorio  : Documento con código 2 creado correctamente
2018-04-04 13:31:21.492  INFO 6232 --- [main] e.f.e.e.r.i.ImplementacionDeRepositorio  : Documento con código 3 creado correctamente
2018-04-04 13:31:21.492  INFO 6232 --- [main] e.f.eadmin.eadmin.EadminApplication      : Fin run
2018-04-04 13:32:58.126  INFO 8512 --- [main] e.f.eadmin.eadmin.EadminApplication      : Starting EadminApplication on mvformacion with PID 8512 (C:\Users\formacion\Desktop\eadmin\target\classes started by formacion in C:\Users\formacion\Desktop\eadmin)
2018-04-04 13:32:58.141  INFO 8512 --- [main] e.f.eadmin.eadmin.EadminApplication      : No active profile set, falling back to default profiles: default
2018-04-04 13:32:58.188  INFO 8512 --- [main] ConfigServletWebServerApplicationContext : Refreshing org.springframework.boot.web.servlet.context.AnnotationConfigServletWebServerApplicationContext@4b168fa9: startup date [Wed Apr 04 13:32:58 CEST 2018]; root of context hierarchy
2018-04-04 13:32:59.360  INFO 8512 --- [main] o.s.b.w.embedded.tomcat.TomcatWebServer  : Tomcat initialized with port(s): 8080 (http)
2018-04-04 13:32:59.382  INFO 8512 --- [main] o.apache.catalina.core.StandardService   : Starting service [Tomcat]
2018-04-04 13:32:59.382  INFO 8512 --- [main] org.apache.catalina.core.StandardEngine  : Starting Servlet Engine: Apache Tomcat/8.5.28
2018-04-04 13:32:59.398  INFO 8512 --- [localhost-startStop-1] o.a.catalina.core.AprLifecycleListener   : The APR based Apache Tomcat Native library which allows optimal performance in production environments was not found on the java.library.path: [C:\Program Files\Java\jre1.8.0_152\bin;C:\WINDOWS\Sun\Java\bin;C:\WINDOWS\system32;C:\WINDOWS;C:/Program Files/Java/jre1.8.0_152/bin/server;C:/Program Files/Java/jre1.8.0_152/bin;C:/Program Files/Java/jre1.8.0_152/lib/amd64;C:\ProgramData\Oracle\Java\javapath;C:\Oracle\product\11.2.0\client_1\bin;C:\WINDOWS\system32;C:\WINDOWS;C:\WINDOWS\System32\Wbem;C:\WINDOWS\System32\WindowsPowerShell\v1.0\;C:\Program Files\TortoiseSVN\bin;C:\Program Files\Git\cmd;c:\Program Files\Microsoft SQL Server\110\Tools\Binn\;c:\Program Files (x86)\Microsoft SQL Server\110\Tools\Binn\;c:\Program Files\Microsoft SQL Server\110\DTS\Binn\;c:\Program Files (x86)\Microsoft SQL Server\110\Tools\Binn\ManagementStudio\;c:\Program Files (x86)\Microsoft Visual Studio 10.0\Common7\IDE\PrivateAssemblies\;c:\Program Files (x86)\Microsoft SQL Server\110\DTS\Binn\;C:\Users\formacion\AppData\Local\Microsoft\WindowsApps;;C:\Program Files\eclipse\jee-oxygen\eclipse;;.]
2018-04-04 13:32:59.507  INFO 8512 --- [localhost-startStop-1] o.a.c.c.C.[Tomcat].[localhost].[/]       : Initializing Spring embedded WebApplicationContext
2018-04-04 13:32:59.507  INFO 8512 --- [localhost-startStop-1] o.s.web.context.ContextLoader            : Root WebApplicationContext: initialization completed in 1319 ms
2018-04-04 13:32:59.647  INFO 8512 --- [localhost-startStop-1] o.s.b.w.servlet.ServletRegistrationBean  : Servlet dispatcherServlet mapped to [/]
2018-04-04 13:32:59.663  INFO 8512 --- [localhost-startStop-1] o.s.b.w.servlet.FilterRegistrationBean   : Mapping filter: 'characterEncodingFilter' to: [/*]
2018-04-04 13:32:59.663  INFO 8512 --- [localhost-startStop-1] o.s.b.w.servlet.FilterRegistrationBean   : Mapping filter: 'hiddenHttpMethodFilter' to: [/*]
2018-04-04 13:32:59.663  INFO 8512 --- [localhost-startStop-1] o.s.b.w.servlet.FilterRegistrationBean   : Mapping filter: 'httpPutFormContentFilter' to: [/*]
2018-04-04 13:32:59.663  INFO 8512 --- [localhost-startStop-1] o.s.b.w.servlet.FilterRegistrationBean   : Mapping filter: 'requestContextFilter' to: [/*]
2018-04-04 13:32:59.991  INFO 8512 --- [main] s.w.s.m.m.a.RequestMappingHandlerAdapter : Looking for @ControllerAdvice: org.springframework.boot.web.servlet.context.AnnotationConfigServletWebServerApplicationContext@4b168fa9: startup date [Wed Apr 04 13:32:58 CEST 2018]; root of context hierarchy
2018-04-04 13:33:00.084  INFO 8512 --- [main] s.w.s.m.m.a.RequestMappingHandlerMapping : Mapped "{[/eadmin/documentos],methods=[GET]}" onto public org.springframework.http.ResponseEntity<java.util.List<es.fpdual.eadmin.eadmin.modelo.Documento>> es.fpdual.eadmin.eadmin.controlador.EadminControlador.getTodosDocumentos()
2018-04-04 13:33:00.084  INFO 8512 --- [main] s.w.s.m.m.a.RequestMappingHandlerMapping : Mapped "{[/eadmin/documentos/{codigo}],methods=[GET]}" onto public org.springframework.http.ResponseEntity<es.fpdual.eadmin.eadmin.modelo.Documento> es.fpdual.eadmin.eadmin.controlador.EadminControlador.getDocumentoPorCodigo(java.lang.Integer)
2018-04-04 13:33:00.084  INFO 8512 --- [main] s.w.s.m.m.a.RequestMappingHandlerMapping : Mapped "{[/eadmin/documentos/eliminar/{codigo}],methods=[DELETE]}" onto public org.springframework.http.ResponseEntity<?> es.fpdual.eadmin.eadmin.controlador.EadminControlador.eliminarDocumento(java.lang.Integer)
2018-04-04 13:33:00.084  INFO 8512 --- [main] s.w.s.m.m.a.RequestMappingHandlerMapping : Mapped "{[/error]}" onto public org.springframework.http.ResponseEntity<java.util.Map<java.lang.String, java.lang.Object>> org.springframework.boot.autoconfigure.web.servlet.error.BasicErrorController.error(javax.servlet.http.HttpServletRequest)
2018-04-04 13:33:00.084  INFO 8512 --- [main] s.w.s.m.m.a.RequestMappingHandlerMapping : Mapped "{[/error],produces=[text/html]}" onto public org.springframework.web.servlet.ModelAndView org.springframework.boot.autoconfigure.web.servlet.error.BasicErrorController.errorHtml(javax.servlet.http.HttpServletRequest,javax.servlet.http.HttpServletResponse)
2018-04-04 13:33:00.116  INFO 8512 --- [main] o.s.w.s.handler.SimpleUrlHandlerMapping  : Mapped URL path [/webjars/**] onto handler of type [class org.springframework.web.servlet.resource.ResourceHttpRequestHandler]
2018-04-04 13:33:00.116  INFO 8512 --- [main] o.s.w.s.handler.SimpleUrlHandlerMapping  : Mapped URL path [/**] onto handler of type [class org.springframework.web.servlet.resource.ResourceHttpRequestHandler]
2018-04-04 13:33:00.194  INFO 8512 --- [main] o.s.w.s.handler.SimpleUrlHandlerMapping  : Mapped URL path [/**/favicon.ico] onto handler of type [class org.springframework.web.servlet.resource.ResourceHttpRequestHandler]
2018-04-04 13:33:00.381  INFO 8512 --- [main] o.s.j.e.a.AnnotationMBeanExporter        : Registering beans for JMX exposure on startup
2018-04-04 13:33:00.403 ERROR 8512 --- [main] o.apache.catalina.core.StandardService   : Failed to start connector [Connector[HTTP/1.1-8080]]

org.apache.catalina.LifecycleException: Failed to start component [Connector[HTTP/1.1-8080]]
	at org.apache.catalina.util.LifecycleBase.start(LifecycleBase.java:167) ~[tomcat-embed-core-8.5.28.jar:8.5.28]
	at org.apache.catalina.core.StandardService.addConnector(StandardService.java:225) ~[tomcat-embed-core-8.5.28.jar:8.5.28]
	at org.springframework.boot.web.embedded.tomcat.TomcatWebServer.addPreviouslyRemovedConnectors(TomcatWebServer.java:255) [spring-boot-2.0.0.RELEASE.jar:2.0.0.RELEASE]
	at org.springframework.boot.web.embedded.tomcat.TomcatWebServer.start(TomcatWebServer.java:197) [spring-boot-2.0.0.RELEASE.jar:2.0.0.RELEASE]
	at org.springframework.boot.web.servlet.context.ServletWebServerApplicationContext.startWebServer(ServletWebServerApplicationContext.java:300) [spring-boot-2.0.0.RELEASE.jar:2.0.0.RELEASE]
	at org.springframework.boot.web.servlet.context.ServletWebServerApplicationContext.finishRefresh(ServletWebServerApplicationContext.java:162) [spring-boot-2.0.0.RELEASE.jar:2.0.0.RELEASE]
	at org.springframework.context.support.AbstractApplicationContext.refresh(AbstractApplicationContext.java:552) [spring-context-5.0.4.RELEASE.jar:5.0.4.RELEASE]
	at org.springframework.boot.web.servlet.context.ServletWebServerApplicationContext.refresh(ServletWebServerApplicationContext.java:140) [spring-boot-2.0.0.RELEASE.jar:2.0.0.RELEASE]
	at org.springframework.boot.SpringApplication.refresh(SpringApplication.java:752) [spring-boot-2.0.0.RELEASE.jar:2.0.0.RELEASE]
	at org.springframework.boot.SpringApplication.refreshContext(SpringApplication.java:388) [spring-boot-2.0.0.RELEASE.jar:2.0.0.RELEASE]
	at org.springframework.boot.SpringApplication.run(SpringApplication.java:327) [spring-boot-2.0.0.RELEASE.jar:2.0.0.RELEASE]
	at org.springframework.boot.SpringApplication.run(SpringApplication.java:1246) [spring-boot-2.0.0.RELEASE.jar:2.0.0.RELEASE]
	at org.springframework.boot.SpringApplication.run(SpringApplication.java:1234) [spring-boot-2.0.0.RELEASE.jar:2.0.0.RELEASE]
	at es.fpdual.eadmin.eadmin.EadminApplication.main(EadminApplication.java:32) [classes/:na]
Caused by: org.apache.catalina.LifecycleException: Protocol handler start failed
	at org.apache.catalina.connector.Connector.startInternal(Connector.java:1021) ~[tomcat-embed-core-8.5.28.jar:8.5.28]
	at org.apache.catalina.util.LifecycleBase.start(LifecycleBase.java:150) ~[tomcat-embed-core-8.5.28.jar:8.5.28]
	... 13 common frames omitted
Caused by: java.net.BindException: Address already in use: bind
	at sun.nio.ch.Net.bind0(Native Method) ~[na:1.8.0_152]
	at sun.nio.ch.Net.bind(Unknown Source) ~[na:1.8.0_152]
	at sun.nio.ch.Net.bind(Unknown Source) ~[na:1.8.0_152]
	at sun.nio.ch.ServerSocketChannelImpl.bind(Unknown Source) ~[na:1.8.0_152]
	at sun.nio.ch.ServerSocketAdaptor.bind(Unknown Source) ~[na:1.8.0_152]
	at org.apache.tomcat.util.net.NioEndpoint.bind(NioEndpoint.java:210) ~[tomcat-embed-core-8.5.28.jar:8.5.28]
	at org.apache.tomcat.util.net.AbstractEndpoint.start(AbstractEndpoint.java:1150) ~[tomcat-embed-core-8.5.28.jar:8.5.28]
	at org.apache.coyote.AbstractProtocol.start(AbstractProtocol.java:591) ~[tomcat-embed-core-8.5.28.jar:8.5.28]
	at org.apache.catalina.connector.Connector.startInternal(Connector.java:1018) ~[tomcat-embed-core-8.5.28.jar:8.5.28]
	... 14 common frames omitted

2018-04-04 13:33:00.403  INFO 8512 --- [main] o.apache.catalina.core.StandardService   : Stopping service [Tomcat]
2018-04-04 13:33:00.418  INFO 8512 --- [main] ConditionEvaluationReportLoggingListener : 

Error starting ApplicationContext. To display the conditions report re-run your application with 'debug' enabled.
2018-04-04 13:33:00.418 ERROR 8512 --- [main] o.s.b.d.LoggingFailureAnalysisReporter   : 

***************************
APPLICATION FAILED TO START
***************************

Description:

The Tomcat connector configured to listen on port 8080 failed to start. The port may already be in use or the connector may be misconfigured.

Action:

Verify the connector's configuration, identify and stop any process that's listening on port 8080, or configure this application to listen on another port.

2018-04-04 13:33:00.418  INFO 8512 --- [main] ConfigServletWebServerApplicationContext : Closing org.springframework.boot.web.servlet.context.AnnotationConfigServletWebServerApplicationContext@4b168fa9: startup date [Wed Apr 04 13:32:58 CEST 2018]; root of context hierarchy
2018-04-04 13:33:00.418  INFO 8512 --- [main] o.s.j.e.a.AnnotationMBeanExporter        : Unregistering JMX-exposed beans on shutdown
2018-04-04 13:33:09.369  INFO 11088 --- [main] e.f.eadmin.eadmin.EadminApplication      : Starting EadminApplication on mvformacion with PID 11088 (C:\Users\formacion\Desktop\eadmin\target\classes started by formacion in C:\Users\formacion\Desktop\eadmin)
2018-04-04 13:33:09.369  INFO 11088 --- [main] e.f.eadmin.eadmin.EadminApplication      : No active profile set, falling back to default profiles: default
2018-04-04 13:33:09.417  INFO 11088 --- [main] ConfigServletWebServerApplicationContext : Refreshing org.springframework.boot.web.servlet.context.AnnotationConfigServletWebServerApplicationContext@37e547da: startup date [Wed Apr 04 13:33:09 CEST 2018]; root of context hierarchy
2018-04-04 13:33:10.619  INFO 11088 --- [main] o.s.b.w.embedded.tomcat.TomcatWebServer  : Tomcat initialized with port(s): 8080 (http)
2018-04-04 13:33:10.644  INFO 11088 --- [main] o.apache.catalina.core.StandardService   : Starting service [Tomcat]
2018-04-04 13:33:10.644  INFO 11088 --- [main] org.apache.catalina.core.StandardEngine  : Starting Servlet Engine: Apache Tomcat/8.5.28
2018-04-04 13:33:10.660  INFO 11088 --- [localhost-startStop-1] o.a.catalina.core.AprLifecycleListener   : The APR based Apache Tomcat Native library which allows optimal performance in production environments was not found on the java.library.path: [C:\Program Files\Java\jre1.8.0_152\bin;C:\WINDOWS\Sun\Java\bin;C:\WINDOWS\system32;C:\WINDOWS;C:/Program Files/Java/jre1.8.0_152/bin/server;C:/Program Files/Java/jre1.8.0_152/bin;C:/Program Files/Java/jre1.8.0_152/lib/amd64;C:\ProgramData\Oracle\Java\javapath;C:\Oracle\product\11.2.0\client_1\bin;C:\WINDOWS\system32;C:\WINDOWS;C:\WINDOWS\System32\Wbem;C:\WINDOWS\System32\WindowsPowerShell\v1.0\;C:\Program Files\TortoiseSVN\bin;C:\Program Files\Git\cmd;c:\Program Files\Microsoft SQL Server\110\Tools\Binn\;c:\Program Files (x86)\Microsoft SQL Server\110\Tools\Binn\;c:\Program Files\Microsoft SQL Server\110\DTS\Binn\;c:\Program Files (x86)\Microsoft SQL Server\110\Tools\Binn\ManagementStudio\;c:\Program Files (x86)\Microsoft Visual Studio 10.0\Common7\IDE\PrivateAssemblies\;c:\Program Files (x86)\Microsoft SQL Server\110\DTS\Binn\;C:\Users\formacion\AppData\Local\Microsoft\WindowsApps;;C:\Program Files\eclipse\jee-oxygen\eclipse;;.]
2018-04-04 13:33:10.785  INFO 11088 --- [localhost-startStop-1] o.a.c.c.C.[Tomcat].[localhost].[/]       : Initializing Spring embedded WebApplicationContext
2018-04-04 13:33:10.785  INFO 11088 --- [localhost-startStop-1] o.s.web.context.ContextLoader            : Root WebApplicationContext: initialization completed in 1368 ms
2018-04-04 13:33:10.910  INFO 11088 --- [localhost-startStop-1] o.s.b.w.servlet.ServletRegistrationBean  : Servlet dispatcherServlet mapped to [/]
2018-04-04 13:33:10.910  INFO 11088 --- [localhost-startStop-1] o.s.b.w.servlet.FilterRegistrationBean   : Mapping filter: 'characterEncodingFilter' to: [/*]
2018-04-04 13:33:10.925  INFO 11088 --- [localhost-startStop-1] o.s.b.w.servlet.FilterRegistrationBean   : Mapping filter: 'hiddenHttpMethodFilter' to: [/*]
2018-04-04 13:33:10.925  INFO 11088 --- [localhost-startStop-1] o.s.b.w.servlet.FilterRegistrationBean   : Mapping filter: 'httpPutFormContentFilter' to: [/*]
2018-04-04 13:33:10.925  INFO 11088 --- [localhost-startStop-1] o.s.b.w.servlet.FilterRegistrationBean   : Mapping filter: 'requestContextFilter' to: [/*]
2018-04-04 13:33:11.285  INFO 11088 --- [main] s.w.s.m.m.a.RequestMappingHandlerAdapter : Looking for @ControllerAdvice: org.springframework.boot.web.servlet.context.AnnotationConfigServletWebServerApplicationContext@37e547da: startup date [Wed Apr 04 13:33:09 CEST 2018]; root of context hierarchy
2018-04-04 13:33:11.363  INFO 11088 --- [main] s.w.s.m.m.a.RequestMappingHandlerMapping : Mapped "{[/eadmin/documentos/eliminar/{codigo}],methods=[DELETE]}" onto public org.springframework.http.ResponseEntity<?> es.fpdual.eadmin.eadmin.controlador.EadminControlador.eliminarDocumento(java.lang.Integer)
2018-04-04 13:33:11.363  INFO 11088 --- [main] s.w.s.m.m.a.RequestMappingHandlerMapping : Mapped "{[/eadmin/documentos/{codigo}],methods=[GET]}" onto public org.springframework.http.ResponseEntity<es.fpdual.eadmin.eadmin.modelo.Documento> es.fpdual.eadmin.eadmin.controlador.EadminControlador.getDocumentoPorCodigo(java.lang.Integer)
2018-04-04 13:33:11.363  INFO 11088 --- [main] s.w.s.m.m.a.RequestMappingHandlerMapping : Mapped "{[/eadmin/documentos],methods=[GET]}" onto public org.springframework.http.ResponseEntity<java.util.List<es.fpdual.eadmin.eadmin.modelo.Documento>> es.fpdual.eadmin.eadmin.controlador.EadminControlador.getTodosDocumentos()
2018-04-04 13:33:11.363  INFO 11088 --- [main] s.w.s.m.m.a.RequestMappingHandlerMapping : Mapped "{[/error]}" onto public org.springframework.http.ResponseEntity<java.util.Map<java.lang.String, java.lang.Object>> org.springframework.boot.autoconfigure.web.servlet.error.BasicErrorController.error(javax.servlet.http.HttpServletRequest)
2018-04-04 13:33:11.363  INFO 11088 --- [main] s.w.s.m.m.a.RequestMappingHandlerMapping : Mapped "{[/error],produces=[text/html]}" onto public org.springframework.web.servlet.ModelAndView org.springframework.boot.autoconfigure.web.servlet.error.BasicErrorController.errorHtml(javax.servlet.http.HttpServletRequest,javax.servlet.http.HttpServletResponse)
2018-04-04 13:33:11.394  INFO 11088 --- [main] o.s.w.s.handler.SimpleUrlHandlerMapping  : Mapped URL path [/webjars/**] onto handler of type [class org.springframework.web.servlet.resource.ResourceHttpRequestHandler]
2018-04-04 13:33:11.410  INFO 11088 --- [main] o.s.w.s.handler.SimpleUrlHandlerMapping  : Mapped URL path [/**] onto handler of type [class org.springframework.web.servlet.resource.ResourceHttpRequestHandler]
2018-04-04 13:33:11.457  INFO 11088 --- [main] o.s.w.s.handler.SimpleUrlHandlerMapping  : Mapped URL path [/**/favicon.ico] onto handler of type [class org.springframework.web.servlet.resource.ResourceHttpRequestHandler]
2018-04-04 13:33:11.598  INFO 11088 --- [main] o.s.j.e.a.AnnotationMBeanExporter        : Registering beans for JMX exposure on startup
2018-04-04 13:33:11.629  INFO 11088 --- [main] o.s.b.w.embedded.tomcat.TomcatWebServer  : Tomcat started on port(s): 8080 (http) with context path ''
2018-04-04 13:33:11.643  INFO 11088 --- [main] e.f.eadmin.eadmin.EadminApplication      : Started EadminApplication in 2.601 seconds (JVM running for 2.989)
2018-04-04 13:33:11.643  INFO 11088 --- [main] e.f.e.e.r.i.ImplementacionDeRepositorio  : Documento con código 1 creado correctamente
2018-04-04 13:33:11.643  INFO 11088 --- [main] e.f.e.e.r.i.ImplementacionDeRepositorio  : Documento con código 2 creado correctamente
2018-04-04 13:33:11.643  INFO 11088 --- [main] e.f.e.e.r.i.ImplementacionDeRepositorio  : Documento con código 3 creado correctamente
2018-04-04 13:33:11.643  INFO 11088 --- [main] e.f.eadmin.eadmin.EadminApplication      : Fin run
2018-04-04 13:35:05.402  INFO 10664 --- [main] e.f.eadmin.eadmin.EadminApplication      : Starting EadminApplication on mvformacion with PID 10664 (C:\Users\formacion\Desktop\eadmin\target\classes started by formacion in C:\Users\formacion\Desktop\eadmin)
2018-04-04 13:35:05.402  INFO 10664 --- [main] e.f.eadmin.eadmin.EadminApplication      : No active profile set, falling back to default profiles: default
2018-04-04 13:35:05.465  INFO 10664 --- [main] ConfigServletWebServerApplicationContext : Refreshing org.springframework.boot.web.servlet.context.AnnotationConfigServletWebServerApplicationContext@1a84f40f: startup date [Wed Apr 04 13:35:05 CEST 2018]; root of context hierarchy
2018-04-04 13:35:06.590  INFO 10664 --- [main] o.s.b.w.embedded.tomcat.TomcatWebServer  : Tomcat initialized with port(s): 8080 (http)
2018-04-04 13:35:06.617  INFO 10664 --- [main] o.apache.catalina.core.StandardService   : Starting service [Tomcat]
2018-04-04 13:35:06.617  INFO 10664 --- [main] org.apache.catalina.core.StandardEngine  : Starting Servlet Engine: Apache Tomcat/8.5.28
2018-04-04 13:35:06.633  INFO 10664 --- [localhost-startStop-1] o.a.catalina.core.AprLifecycleListener   : The APR based Apache Tomcat Native library which allows optimal performance in production environments was not found on the java.library.path: [C:\Program Files\Java\jre1.8.0_152\bin;C:\WINDOWS\Sun\Java\bin;C:\WINDOWS\system32;C:\WINDOWS;C:/Program Files/Java/jre1.8.0_152/bin/server;C:/Program Files/Java/jre1.8.0_152/bin;C:/Program Files/Java/jre1.8.0_152/lib/amd64;C:\ProgramData\Oracle\Java\javapath;C:\Oracle\product\11.2.0\client_1\bin;C:\WINDOWS\system32;C:\WINDOWS;C:\WINDOWS\System32\Wbem;C:\WINDOWS\System32\WindowsPowerShell\v1.0\;C:\Program Files\TortoiseSVN\bin;C:\Program Files\Git\cmd;c:\Program Files\Microsoft SQL Server\110\Tools\Binn\;c:\Program Files (x86)\Microsoft SQL Server\110\Tools\Binn\;c:\Program Files\Microsoft SQL Server\110\DTS\Binn\;c:\Program Files (x86)\Microsoft SQL Server\110\Tools\Binn\ManagementStudio\;c:\Program Files (x86)\Microsoft Visual Studio 10.0\Common7\IDE\PrivateAssemblies\;c:\Program Files (x86)\Microsoft SQL Server\110\DTS\Binn\;C:\Users\formacion\AppData\Local\Microsoft\WindowsApps;;C:\Program Files\eclipse\jee-oxygen\eclipse;;.]
2018-04-04 13:35:06.726  INFO 10664 --- [localhost-startStop-1] o.a.c.c.C.[Tomcat].[localhost].[/]       : Initializing Spring embedded WebApplicationContext
2018-04-04 13:35:06.726  INFO 10664 --- [localhost-startStop-1] o.s.web.context.ContextLoader            : Root WebApplicationContext: initialization completed in 1261 ms
2018-04-04 13:35:06.867  INFO 10664 --- [localhost-startStop-1] o.s.b.w.servlet.ServletRegistrationBean  : Servlet dispatcherServlet mapped to [/]
2018-04-04 13:35:06.883  INFO 10664 --- [localhost-startStop-1] o.s.b.w.servlet.FilterRegistrationBean   : Mapping filter: 'characterEncodingFilter' to: [/*]
2018-04-04 13:35:06.883  INFO 10664 --- [localhost-startStop-1] o.s.b.w.servlet.FilterRegistrationBean   : Mapping filter: 'hiddenHttpMethodFilter' to: [/*]
2018-04-04 13:35:06.883  INFO 10664 --- [localhost-startStop-1] o.s.b.w.servlet.FilterRegistrationBean   : Mapping filter: 'httpPutFormContentFilter' to: [/*]
2018-04-04 13:35:06.883  INFO 10664 --- [localhost-startStop-1] o.s.b.w.servlet.FilterRegistrationBean   : Mapping filter: 'requestContextFilter' to: [/*]
2018-04-04 13:35:14.871  INFO 10104 --- [main] e.f.eadmin.eadmin.EadminApplication      : Starting EadminApplication on mvformacion with PID 10104 (C:\Users\formacion\Desktop\eadmin\target\classes started by formacion in C:\Users\formacion\Desktop\eadmin)
2018-04-04 13:35:14.871  INFO 10104 --- [main] e.f.eadmin.eadmin.EadminApplication      : No active profile set, falling back to default profiles: default
2018-04-04 13:35:14.934  INFO 10104 --- [main] ConfigServletWebServerApplicationContext : Refreshing org.springframework.boot.web.servlet.context.AnnotationConfigServletWebServerApplicationContext@48524010: startup date [Wed Apr 04 13:35:14 CEST 2018]; root of context hierarchy
2018-04-04 13:35:16.216  INFO 10104 --- [main] o.s.b.w.embedded.tomcat.TomcatWebServer  : Tomcat initialized with port(s): 8080 (http)
2018-04-04 13:35:16.241  INFO 10104 --- [main] o.apache.catalina.core.StandardService   : Starting service [Tomcat]
2018-04-04 13:35:16.241  INFO 10104 --- [main] org.apache.catalina.core.StandardEngine  : Starting Servlet Engine: Apache Tomcat/8.5.28
2018-04-04 13:35:16.256  INFO 10104 --- [localhost-startStop-1] o.a.catalina.core.AprLifecycleListener   : The APR based Apache Tomcat Native library which allows optimal performance in production environments was not found on the java.library.path: [C:\Program Files\Java\jre1.8.0_152\bin;C:\WINDOWS\Sun\Java\bin;C:\WINDOWS\system32;C:\WINDOWS;C:/Program Files/Java/jre1.8.0_152/bin/server;C:/Program Files/Java/jre1.8.0_152/bin;C:/Program Files/Java/jre1.8.0_152/lib/amd64;C:\ProgramData\Oracle\Java\javapath;C:\Oracle\product\11.2.0\client_1\bin;C:\WINDOWS\system32;C:\WINDOWS;C:\WINDOWS\System32\Wbem;C:\WINDOWS\System32\WindowsPowerShell\v1.0\;C:\Program Files\TortoiseSVN\bin;C:\Program Files\Git\cmd;c:\Program Files\Microsoft SQL Server\110\Tools\Binn\;c:\Program Files (x86)\Microsoft SQL Server\110\Tools\Binn\;c:\Program Files\Microsoft SQL Server\110\DTS\Binn\;c:\Program Files (x86)\Microsoft SQL Server\110\Tools\Binn\ManagementStudio\;c:\Program Files (x86)\Microsoft Visual Studio 10.0\Common7\IDE\PrivateAssemblies\;c:\Program Files (x86)\Microsoft SQL Server\110\DTS\Binn\;C:\Users\formacion\AppData\Local\Microsoft\WindowsApps;;C:\Program Files\eclipse\jee-oxygen\eclipse;;.]
2018-04-04 13:35:16.381  INFO 10104 --- [localhost-startStop-1] o.a.c.c.C.[Tomcat].[localhost].[/]       : Initializing Spring embedded WebApplicationContext
2018-04-04 13:35:16.381  INFO 10104 --- [localhost-startStop-1] o.s.web.context.ContextLoader            : Root WebApplicationContext: initialization completed in 1447 ms
2018-04-04 13:35:16.553  INFO 10104 --- [localhost-startStop-1] o.s.b.w.servlet.ServletRegistrationBean  : Servlet dispatcherServlet mapped to [/]
2018-04-04 13:35:16.569  INFO 10104 --- [localhost-startStop-1] o.s.b.w.servlet.FilterRegistrationBean   : Mapping filter: 'characterEncodingFilter' to: [/*]
2018-04-04 13:35:16.569  INFO 10104 --- [localhost-startStop-1] o.s.b.w.servlet.FilterRegistrationBean   : Mapping filter: 'hiddenHttpMethodFilter' to: [/*]
2018-04-04 13:35:16.569  INFO 10104 --- [localhost-startStop-1] o.s.b.w.servlet.FilterRegistrationBean   : Mapping filter: 'httpPutFormContentFilter' to: [/*]
2018-04-04 13:35:16.569  INFO 10104 --- [localhost-startStop-1] o.s.b.w.servlet.FilterRegistrationBean   : Mapping filter: 'requestContextFilter' to: [/*]
2018-04-04 13:35:16.912  INFO 10104 --- [main] s.w.s.m.m.a.RequestMappingHandlerAdapter : Looking for @ControllerAdvice: org.springframework.boot.web.servlet.context.AnnotationConfigServletWebServerApplicationContext@48524010: startup date [Wed Apr 04 13:35:14 CEST 2018]; root of context hierarchy
2018-04-04 13:35:16.991  INFO 10104 --- [main] s.w.s.m.m.a.RequestMappingHandlerMapping : Mapped "{[/eadmin/documentos],methods=[GET]}" onto public org.springframework.http.ResponseEntity<java.util.List<es.fpdual.eadmin.eadmin.modelo.Documento>> es.fpdual.eadmin.eadmin.controlador.EadminControlador.getTodosDocumentos()
2018-04-04 13:35:16.991  INFO 10104 --- [main] s.w.s.m.m.a.RequestMappingHandlerMapping : Mapped "{[/eadmin/documentos/{codigo}],methods=[GET]}" onto public org.springframework.http.ResponseEntity<es.fpdual.eadmin.eadmin.modelo.Documento> es.fpdual.eadmin.eadmin.controlador.EadminControlador.getDocumentoPorCodigo(java.lang.Integer)
2018-04-04 13:35:16.991  INFO 10104 --- [main] s.w.s.m.m.a.RequestMappingHandlerMapping : Mapped "{[/eadmin/documentos/eliminar/{codigo}],methods=[DELETE]}" onto public org.springframework.http.ResponseEntity<?> es.fpdual.eadmin.eadmin.controlador.EadminControlador.eliminarDocumento(java.lang.Integer)
2018-04-04 13:35:16.991  INFO 10104 --- [main] s.w.s.m.m.a.RequestMappingHandlerMapping : Mapped "{[/error]}" onto public org.springframework.http.ResponseEntity<java.util.Map<java.lang.String, java.lang.Object>> org.springframework.boot.autoconfigure.web.servlet.error.BasicErrorController.error(javax.servlet.http.HttpServletRequest)
2018-04-04 13:35:16.991  INFO 10104 --- [main] s.w.s.m.m.a.RequestMappingHandlerMapping : Mapped "{[/error],produces=[text/html]}" onto public org.springframework.web.servlet.ModelAndView org.springframework.boot.autoconfigure.web.servlet.error.BasicErrorController.errorHtml(javax.servlet.http.HttpServletRequest,javax.servlet.http.HttpServletResponse)
2018-04-04 13:35:17.022  INFO 10104 --- [main] o.s.w.s.handler.SimpleUrlHandlerMapping  : Mapped URL path [/webjars/**] onto handler of type [class org.springframework.web.servlet.resource.ResourceHttpRequestHandler]
2018-04-04 13:35:17.022  INFO 10104 --- [main] o.s.w.s.handler.SimpleUrlHandlerMapping  : Mapped URL path [/**] onto handler of type [class org.springframework.web.servlet.resource.ResourceHttpRequestHandler]
2018-04-04 13:35:17.084  INFO 10104 --- [main] o.s.w.s.handler.SimpleUrlHandlerMapping  : Mapped URL path [/**/favicon.ico] onto handler of type [class org.springframework.web.servlet.resource.ResourceHttpRequestHandler]
2018-04-04 13:35:17.319  INFO 10104 --- [main] o.s.j.e.a.AnnotationMBeanExporter        : Registering beans for JMX exposure on startup
2018-04-04 13:35:17.356  INFO 10104 --- [main] o.s.b.w.embedded.tomcat.TomcatWebServer  : Tomcat started on port(s): 8080 (http) with context path ''
2018-04-04 13:35:17.356  INFO 10104 --- [main] e.f.eadmin.eadmin.EadminApplication      : Started EadminApplication in 2.797 seconds (JVM running for 3.196)
2018-04-04 13:35:17.356  INFO 10104 --- [main] e.f.e.e.r.i.ImplementacionDeRepositorio  : Documento con código 1 creado correctamente
2018-04-04 13:35:17.373  INFO 10104 --- [main] e.f.e.e.r.i.ImplementacionDeRepositorio  : Documento con código 2 creado correctamente
2018-04-04 13:35:17.373  INFO 10104 --- [main] e.f.e.e.r.i.ImplementacionDeRepositorio  : Documento con código 3 creado correctamente
2018-04-04 13:35:17.373  INFO 10104 --- [main] e.f.eadmin.eadmin.EadminApplication      : Fin run
2018-04-04 14:02:28.840  INFO 864 --- [main] e.f.eadmin.eadmin.EadminApplication      : Starting EadminApplication on mvformacion with PID 864 (C:\Users\formacion\Desktop\eadmin\target\classes started by formacion in C:\Users\formacion\Desktop\eadmin)
2018-04-04 14:02:28.840  INFO 864 --- [main] e.f.eadmin.eadmin.EadminApplication      : No active profile set, falling back to default profiles: default
2018-04-04 14:02:28.903  INFO 864 --- [main] ConfigServletWebServerApplicationContext : Refreshing org.springframework.boot.web.servlet.context.AnnotationConfigServletWebServerApplicationContext@1a84f40f: startup date [Wed Apr 04 14:02:28 CEST 2018]; root of context hierarchy
2018-04-04 14:02:36.510  INFO 3740 --- [main] e.f.eadmin.eadmin.EadminApplication      : Starting EadminApplication on mvformacion with PID 3740 (C:\Users\formacion\Desktop\eadmin\target\classes started by formacion in C:\Users\formacion\Desktop\eadmin)
2018-04-04 14:02:36.510  INFO 3740 --- [main] e.f.eadmin.eadmin.EadminApplication      : No active profile set, falling back to default profiles: default
2018-04-04 14:02:36.557  INFO 3740 --- [main] ConfigServletWebServerApplicationContext : Refreshing org.springframework.boot.web.servlet.context.AnnotationConfigServletWebServerApplicationContext@2b6856dd: startup date [Wed Apr 04 14:02:36 CEST 2018]; root of context hierarchy
2018-04-04 14:02:37.791  INFO 3740 --- [main] o.s.b.w.embedded.tomcat.TomcatWebServer  : Tomcat initialized with port(s): 8080 (http)
2018-04-04 14:02:37.814  INFO 3740 --- [main] o.apache.catalina.core.StandardService   : Starting service [Tomcat]
2018-04-04 14:02:37.814  INFO 3740 --- [main] org.apache.catalina.core.StandardEngine  : Starting Servlet Engine: Apache Tomcat/8.5.28
2018-04-04 14:02:37.830  INFO 3740 --- [localhost-startStop-1] o.a.catalina.core.AprLifecycleListener   : The APR based Apache Tomcat Native library which allows optimal performance in production environments was not found on the java.library.path: [C:\Program Files\Java\jre1.8.0_152\bin;C:\WINDOWS\Sun\Java\bin;C:\WINDOWS\system32;C:\WINDOWS;C:/Program Files/Java/jre1.8.0_152/bin/server;C:/Program Files/Java/jre1.8.0_152/bin;C:/Program Files/Java/jre1.8.0_152/lib/amd64;C:\ProgramData\Oracle\Java\javapath;C:\Oracle\product\11.2.0\client_1\bin;C:\WINDOWS\system32;C:\WINDOWS;C:\WINDOWS\System32\Wbem;C:\WINDOWS\System32\WindowsPowerShell\v1.0\;C:\Program Files\TortoiseSVN\bin;C:\Program Files\Git\cmd;c:\Program Files\Microsoft SQL Server\110\Tools\Binn\;c:\Program Files (x86)\Microsoft SQL Server\110\Tools\Binn\;c:\Program Files\Microsoft SQL Server\110\DTS\Binn\;c:\Program Files (x86)\Microsoft SQL Server\110\Tools\Binn\ManagementStudio\;c:\Program Files (x86)\Microsoft Visual Studio 10.0\Common7\IDE\PrivateAssemblies\;c:\Program Files (x86)\Microsoft SQL Server\110\DTS\Binn\;C:\Users\formacion\AppData\Local\Microsoft\WindowsApps;;C:\Program Files\eclipse\jee-oxygen\eclipse;;.]
2018-04-04 14:02:37.924  INFO 3740 --- [localhost-startStop-1] o.a.c.c.C.[Tomcat].[localhost].[/]       : Initializing Spring embedded WebApplicationContext
2018-04-04 14:02:37.924  INFO 3740 --- [localhost-startStop-1] o.s.web.context.ContextLoader            : Root WebApplicationContext: initialization completed in 1367 ms
2018-04-04 14:02:38.049  INFO 3740 --- [localhost-startStop-1] o.s.b.w.servlet.ServletRegistrationBean  : Servlet dispatcherServlet mapped to [/]
2018-04-04 14:02:38.049  INFO 3740 --- [localhost-startStop-1] o.s.b.w.servlet.FilterRegistrationBean   : Mapping filter: 'characterEncodingFilter' to: [/*]
2018-04-04 14:02:38.049  INFO 3740 --- [localhost-startStop-1] o.s.b.w.servlet.FilterRegistrationBean   : Mapping filter: 'hiddenHttpMethodFilter' to: [/*]
2018-04-04 14:02:38.049  INFO 3740 --- [localhost-startStop-1] o.s.b.w.servlet.FilterRegistrationBean   : Mapping filter: 'httpPutFormContentFilter' to: [/*]
2018-04-04 14:02:38.049  INFO 3740 --- [localhost-startStop-1] o.s.b.w.servlet.FilterRegistrationBean   : Mapping filter: 'requestContextFilter' to: [/*]
2018-04-04 14:02:38.330  INFO 3740 --- [main] s.w.s.m.m.a.RequestMappingHandlerAdapter : Looking for @ControllerAdvice: org.springframework.boot.web.servlet.context.AnnotationConfigServletWebServerApplicationContext@2b6856dd: startup date [Wed Apr 04 14:02:36 CEST 2018]; root of context hierarchy
2018-04-04 14:02:38.408  INFO 3740 --- [main] s.w.s.m.m.a.RequestMappingHandlerMapping : Mapped "{[/eadmin/documentos],methods=[GET]}" onto public org.springframework.http.ResponseEntity<java.util.List<es.fpdual.eadmin.eadmin.modelo.Documento>> es.fpdual.eadmin.eadmin.controlador.EadminControlador.getTodosDocumentos()
2018-04-04 14:02:38.408  INFO 3740 --- [main] s.w.s.m.m.a.RequestMappingHandlerMapping : Mapped "{[/eadmin/documentos/{codigo}],methods=[GET]}" onto public org.springframework.http.ResponseEntity<es.fpdual.eadmin.eadmin.modelo.Documento> es.fpdual.eadmin.eadmin.controlador.EadminControlador.getDocumentoPorCodigo(java.lang.Integer)
2018-04-04 14:02:38.408  INFO 3740 --- [main] s.w.s.m.m.a.RequestMappingHandlerMapping : Mapped "{[/eadmin/documentos/eliminar/{codigo}],methods=[GET]}" onto public org.springframework.http.ResponseEntity<?> es.fpdual.eadmin.eadmin.controlador.EadminControlador.eliminarDocumento(java.lang.Integer)
2018-04-04 14:02:38.408  INFO 3740 --- [main] s.w.s.m.m.a.RequestMappingHandlerMapping : Mapped "{[/error]}" onto public org.springframework.http.ResponseEntity<java.util.Map<java.lang.String, java.lang.Object>> org.springframework.boot.autoconfigure.web.servlet.error.BasicErrorController.error(javax.servlet.http.HttpServletRequest)
2018-04-04 14:02:38.408  INFO 3740 --- [main] s.w.s.m.m.a.RequestMappingHandlerMapping : Mapped "{[/error],produces=[text/html]}" onto public org.springframework.web.servlet.ModelAndView org.springframework.boot.autoconfigure.web.servlet.error.BasicErrorController.errorHtml(javax.servlet.http.HttpServletRequest,javax.servlet.http.HttpServletResponse)
2018-04-04 14:02:38.439  INFO 3740 --- [main] o.s.w.s.handler.SimpleUrlHandlerMapping  : Mapped URL path [/webjars/**] onto handler of type [class org.springframework.web.servlet.resource.ResourceHttpRequestHandler]
2018-04-04 14:02:38.439  INFO 3740 --- [main] o.s.w.s.handler.SimpleUrlHandlerMapping  : Mapped URL path [/**] onto handler of type [class org.springframework.web.servlet.resource.ResourceHttpRequestHandler]
2018-04-04 14:02:38.486  INFO 3740 --- [main] o.s.w.s.handler.SimpleUrlHandlerMapping  : Mapped URL path [/**/favicon.ico] onto handler of type [class org.springframework.web.servlet.resource.ResourceHttpRequestHandler]
2018-04-04 14:02:38.658  INFO 3740 --- [main] o.s.j.e.a.AnnotationMBeanExporter        : Registering beans for JMX exposure on startup
2018-04-04 14:02:38.690  INFO 3740 --- [main] o.s.b.w.embedded.tomcat.TomcatWebServer  : Tomcat started on port(s): 8080 (http) with context path ''
2018-04-04 14:02:38.690  INFO 3740 --- [main] e.f.eadmin.eadmin.EadminApplication      : Started EadminApplication in 2.508 seconds (JVM running for 2.903)
2018-04-04 14:02:38.690  INFO 3740 --- [main] e.f.e.e.r.i.ImplementacionDeRepositorio  : Documento con código 1 creado correctamente
2018-04-04 14:02:38.690  INFO 3740 --- [main] e.f.e.e.r.i.ImplementacionDeRepositorio  : Documento con código 2 creado correctamente
2018-04-04 14:02:38.690  INFO 3740 --- [main] e.f.e.e.r.i.ImplementacionDeRepositorio  : Documento con código 3 creado correctamente
2018-04-04 14:02:38.705  INFO 3740 --- [main] e.f.eadmin.eadmin.EadminApplication      : Fin run
2018-04-04 14:03:10.236  INFO 3740 --- [http-nio-8080-exec-1] o.a.c.c.C.[Tomcat].[localhost].[/]       : Initializing Spring FrameworkServlet 'dispatcherServlet'
2018-04-04 14:03:10.236  INFO 3740 --- [http-nio-8080-exec-1] o.s.web.servlet.DispatcherServlet        : FrameworkServlet 'dispatcherServlet': initialization started
2018-04-04 14:03:10.268  INFO 3740 --- [http-nio-8080-exec-1] o.s.web.servlet.DispatcherServlet        : FrameworkServlet 'dispatcherServlet': initialization completed in 17 ms
2018-04-04 14:03:10.299  INFO 3740 --- [http-nio-8080-exec-1] e.f.e.e.r.i.ImplementacionDeRepositorio  : ************
2018-04-04 14:03:10.299  INFO 3740 --- [http-nio-8080-exec-1] e.f.e.e.r.i.ImplementacionDeRepositorio  : Documento: 1
2018-04-04 14:03:10.299  INFO 3740 --- [http-nio-8080-exec-1] e.f.e.e.r.i.ImplementacionDeRepositorio  : Nombre: documento1
2018-04-04 14:03:10.299  INFO 3740 --- [http-nio-8080-exec-1] e.f.e.e.r.i.ImplementacionDeRepositorio  : Fecha Creación: Wed Apr 04 14:02:38 CEST 2018
2018-04-04 14:03:10.299  INFO 3740 --- [http-nio-8080-exec-1] e.f.e.e.r.i.ImplementacionDeRepositorio  : Fecha Modificación: Wed Apr 04 14:02:38 CEST 2018
2018-04-04 14:03:10.299  INFO 3740 --- [http-nio-8080-exec-1] e.f.e.e.r.i.ImplementacionDeRepositorio  : Estado: ACTIVO
2018-04-04 14:03:10.299  INFO 3740 --- [http-nio-8080-exec-1] e.f.e.e.r.i.ImplementacionDeRepositorio  : Publico: true
2018-04-04 14:03:10.299  INFO 3740 --- [http-nio-8080-exec-1] e.f.e.e.r.i.ImplementacionDeRepositorio  : ************
2018-04-04 14:03:10.299  INFO 3740 --- [http-nio-8080-exec-1] e.f.e.e.r.i.ImplementacionDeRepositorio  : ************
2018-04-04 14:03:10.299  INFO 3740 --- [http-nio-8080-exec-1] e.f.e.e.r.i.ImplementacionDeRepositorio  : Documento: 2
2018-04-04 14:03:10.299  INFO 3740 --- [http-nio-8080-exec-1] e.f.e.e.r.i.ImplementacionDeRepositorio  : Nombre: documento2
2018-04-04 14:03:10.299  INFO 3740 --- [http-nio-8080-exec-1] e.f.e.e.r.i.ImplementacionDeRepositorio  : Fecha Creación: Wed Apr 04 14:02:38 CEST 2018
2018-04-04 14:03:10.299  INFO 3740 --- [http-nio-8080-exec-1] e.f.e.e.r.i.ImplementacionDeRepositorio  : Fecha Modificación: Wed Apr 04 14:02:38 CEST 2018
2018-04-04 14:03:10.299  INFO 3740 --- [http-nio-8080-exec-1] e.f.e.e.r.i.ImplementacionDeRepositorio  : Estado: APROBADO
2018-04-04 14:03:10.299  INFO 3740 --- [http-nio-8080-exec-1] e.f.e.e.r.i.ImplementacionDeRepositorio  : Publico: false
2018-04-04 14:03:10.299  INFO 3740 --- [http-nio-8080-exec-1] e.f.e.e.r.i.ImplementacionDeRepositorio  : ************
2018-04-04 14:03:10.299  INFO 3740 --- [http-nio-8080-exec-1] e.f.e.e.r.i.ImplementacionDeRepositorio  : ************
2018-04-04 14:03:10.299  INFO 3740 --- [http-nio-8080-exec-1] e.f.e.e.r.i.ImplementacionDeRepositorio  : Documento: 3
2018-04-04 14:03:10.299  INFO 3740 --- [http-nio-8080-exec-1] e.f.e.e.r.i.ImplementacionDeRepositorio  : Nombre: documento3
2018-04-04 14:03:10.299  INFO 3740 --- [http-nio-8080-exec-1] e.f.e.e.r.i.ImplementacionDeRepositorio  : Fecha Creación: Wed Apr 04 14:02:38 CEST 2018
2018-04-04 14:03:10.299  INFO 3740 --- [http-nio-8080-exec-1] e.f.e.e.r.i.ImplementacionDeRepositorio  : Fecha Modificación: Wed Apr 04 14:02:38 CEST 2018
2018-04-04 14:03:10.299  INFO 3740 --- [http-nio-8080-exec-1] e.f.e.e.r.i.ImplementacionDeRepositorio  : Estado: ELIMINADO
2018-04-04 14:03:10.299  INFO 3740 --- [http-nio-8080-exec-1] e.f.e.e.r.i.ImplementacionDeRepositorio  : Publico: true
2018-04-04 14:03:10.299  INFO 3740 --- [http-nio-8080-exec-1] e.f.e.e.r.i.ImplementacionDeRepositorio  : ************
2018-04-04 14:04:23.284  INFO 3740 --- [http-nio-8080-exec-4] e.f.e.e.r.i.ImplementacionDeRepositorio  : ************
2018-04-04 14:04:23.300  INFO 3740 --- [http-nio-8080-exec-4] e.f.e.e.r.i.ImplementacionDeRepositorio  : Documento: 2
2018-04-04 14:04:23.300  INFO 3740 --- [http-nio-8080-exec-4] e.f.e.e.r.i.ImplementacionDeRepositorio  : Nombre: documento2
2018-04-04 14:04:23.300  INFO 3740 --- [http-nio-8080-exec-4] e.f.e.e.r.i.ImplementacionDeRepositorio  : Fecha Creación: Wed Apr 04 14:02:38 CEST 2018
2018-04-04 14:04:23.300  INFO 3740 --- [http-nio-8080-exec-4] e.f.e.e.r.i.ImplementacionDeRepositorio  : Fecha Modificación: Wed Apr 04 14:02:38 CEST 2018
2018-04-04 14:04:23.300  INFO 3740 --- [http-nio-8080-exec-4] e.f.e.e.r.i.ImplementacionDeRepositorio  : Estado: APROBADO
2018-04-04 14:04:23.300  INFO 3740 --- [http-nio-8080-exec-4] e.f.e.e.r.i.ImplementacionDeRepositorio  : Publico: false
2018-04-04 14:04:23.300  INFO 3740 --- [http-nio-8080-exec-4] e.f.e.e.r.i.ImplementacionDeRepositorio  : ************
2018-04-04 14:04:23.302  INFO 3740 --- [http-nio-8080-exec-4] e.f.e.e.r.i.ImplementacionDeRepositorio  : ************
2018-04-04 14:04:23.302  INFO 3740 --- [http-nio-8080-exec-4] e.f.e.e.r.i.ImplementacionDeRepositorio  : Documento: 3
2018-04-04 14:04:23.302  INFO 3740 --- [http-nio-8080-exec-4] e.f.e.e.r.i.ImplementacionDeRepositorio  : Nombre: documento3
2018-04-04 14:04:23.302  INFO 3740 --- [http-nio-8080-exec-4] e.f.e.e.r.i.ImplementacionDeRepositorio  : Fecha Creación: Wed Apr 04 14:02:38 CEST 2018
2018-04-04 14:04:23.302  INFO 3740 --- [http-nio-8080-exec-4] e.f.e.e.r.i.ImplementacionDeRepositorio  : Fecha Modificación: Wed Apr 04 14:02:38 CEST 2018
2018-04-04 14:04:23.302  INFO 3740 --- [http-nio-8080-exec-4] e.f.e.e.r.i.ImplementacionDeRepositorio  : Estado: ELIMINADO
2018-04-04 14:04:23.302  INFO 3740 --- [http-nio-8080-exec-4] e.f.e.e.r.i.ImplementacionDeRepositorio  : Publico: true
2018-04-04 14:04:23.302  INFO 3740 --- [http-nio-8080-exec-4] e.f.e.e.r.i.ImplementacionDeRepositorio  : ************
